SF:lib/domain/entitites/movie.dart
DA:4,14
DA:20,13
DA:50,6
DA:51,6
DA:52,6
DA:53,6
DA:54,6
DA:55,6
DA:56,6
DA:57,6
DA:58,6
DA:59,6
DA:60,6
DA:61,6
DA:62,6
DA:63,6
DA:64,6
LF:17
LH:17
end_of_record
SF:lib/domain/usecases/get_top_rated_movies.dart
DA:9,1
DA:11,1
DA:12,2
LF:3
LH:3
end_of_record
SF:lib/domain/entitites/movie_detail.dart
DA:5,13
DA:33,1
DA:34,1
DA:35,1
DA:36,1
DA:37,1
DA:38,1
DA:39,1
DA:40,1
DA:41,1
DA:42,1
DA:43,1
DA:44,1
DA:45,1
LF:14
LH:14
end_of_record
SF:lib/domain/entitites/genre.dart
DA:4,13
DA:12,1
DA:13,3
LF:3
LH:3
end_of_record
SF:lib/domain/usecases/save_watchlist.dart
DA:9,1
DA:11,1
DA:12,2
LF:3
LH:3
end_of_record
SF:lib/domain/usecases/get_movie_detail.dart
DA:9,1
DA:11,1
DA:12,2
LF:3
LH:3
end_of_record
SF:lib/domain/usecases/get_movie_recommendations.dart
DA:9,1
DA:11,1
DA:12,2
LF:3
LH:3
end_of_record
SF:lib/domain/usecases/get_watchlist_movies.dart
DA:9,1
DA:11,1
DA:12,2
LF:3
LH:3
end_of_record
SF:lib/domain/usecases/get_now_playing_movies.dart
DA:9,1
DA:11,1
DA:12,2
LF:3
LH:3
end_of_record
SF:lib/domain/usecases/remove_watchlist.dart
DA:9,1
DA:11,1
DA:12,2
LF:3
LH:3
end_of_record
SF:lib/domain/usecases/get_popular_movies.dart
DA:9,1
DA:11,1
DA:12,2
LF:3
LH:3
end_of_record
SF:lib/domain/usecases/search_movies.dart
DA:9,1
DA:11,1
DA:12,2
LF:3
LH:3
end_of_record
SF:lib/domain/usecases/get_watchlist_status.dart
DA:6,1
DA:8,1
DA:9,2
LF:3
LH:3
end_of_record
SF:lib/presentation/bloc/top_rated/top_rated_bloc.dart
DA:11,3
DA:12,2
DA:13,2
DA:15,2
DA:16,1
DA:17,4
DA:18,2
DA:19,1
LF:8
LH:8
end_of_record
SF:lib/presentation/bloc/top_rated/top_rated_state.dart
DA:4,4
DA:6,1
DA:7,1
DA:16,3
DA:18,1
DA:19,2
DA:24,2
DA:26,1
DA:27,2
LF:9
LH:9
end_of_record
SF:lib/presentation/bloc/top_rated/top_rated_event.dart
DA:4,9
DA:8,9
DA:10,1
DA:11,1
LF:4
LH:4
end_of_record
SF:lib/presentation/pages/top_rated_movies_page.dart
DA:9,1
DA:11,1
DA:12,1
DA:16,1
DA:18,1
DA:19,1
DA:20,4
DA:26,1
DA:28,1
DA:29,1
DA:32,1
DA:34,1
DA:35,1
DA:36,1
DA:40,1
DA:41,1
DA:42,1
DA:43,2
DA:44,1
DA:46,2
DA:48,1
DA:49,1
DA:51,2
LF:23
LH:23
end_of_record
SF:lib/presentation/bloc/detail_movie/detail_movie_state.dart
DA:12,10
DA:21,1
DA:22,1
DA:23,1
DA:24,1
DA:25,1
DA:26,1
DA:27,1
DA:28,1
DA:29,1
DA:32,2
DA:41,2
DA:42,2
DA:43,2
DA:44,2
DA:45,2
DA:46,2
DA:47,2
DA:48,1
DA:51,2
LF:20
LH:20
end_of_record
SF:lib/presentation/bloc/detail_movie/detail_movie_event.dart
DA:4,3
DA:9,2
DA:11,1
DA:12,2
DA:17,2
DA:19,1
DA:20,2
DA:25,2
DA:27,1
DA:28,2
DA:34,3
DA:35,1
DA:36,2
LF:13
LH:13
end_of_record
SF:lib/presentation/bloc/detail_movie/detail_movie_bloc.dart
DA:25,1
DA:31,2
DA:32,2
DA:33,3
DA:35,1
DA:36,2
DA:37,2
DA:39,1
DA:40,1
DA:41,1
DA:42,2
DA:44,1
DA:48,1
DA:49,1
DA:50,2
DA:56,2
DA:57,1
DA:58,2
DA:60,1
DA:63,1
DA:64,1
DA:65,0
DA:66,0
DA:71,1
DA:72,2
DA:83,1
DA:84,1
DA:85,1
DA:86,2
DA:88,1
DA:89,2
DA:90,2
DA:91,1
DA:94,2
DA:95,2
DA:100,3
DA:104,2
DA:105,1
DA:106,2
DA:108,1
DA:109,5
DA:110,2
DA:111,2
DA:116,3
DA:119,2
DA:120,3
DA:121,3
LF:47
LH:45
end_of_record
SF:lib/presentation/pages/movie_detail_page.dart
DA:16,1
DA:18,1
DA:19,1
DA:23,1
DA:25,1
DA:26,2
DA:27,6
DA:28,6
DA:32,1
DA:34,1
DA:35,1
DA:36,1
DA:37,1
DA:38,1
DA:42,1
DA:43,1
DA:44,1
DA:45,1
DA:46,1
DA:47,1
DA:50,1
DA:51,0
DA:52,0
DA:58,1
DA:59,1
DA:60,1
DA:61,2
DA:62,1
DA:63,1
DA:67,0
DA:68,0
DA:69,0
DA:70,0
DA:76,1
DA:77,3
DA:78,2
DA:90,1
DA:93,1
DA:95,3
DA:96,1
DA:97,1
DA:98,1
DA:99,3
DA:101,1
DA:104,0
DA:106,1
DA:108,1
DA:109,1
DA:110,1
DA:120,1
DA:121,1
DA:122,1
DA:124,1
DA:126,1
DA:128,1
DA:129,1
DA:130,2
DA:131,1
DA:133,1
DA:134,1
DA:135,1
DA:137,1
DA:138,3
DA:141,1
DA:142,3
DA:145,1
DA:147,1
DA:148,1
DA:161,1
DA:162,3
DA:164,1
DA:165,3
DA:167,1
DA:168,1
DA:169,1
DA:170,3
DA:172,1
DA:178,4
DA:182,1
DA:184,1
DA:186,1
DA:187,2
DA:190,1
DA:192,1
DA:194,1
DA:195,1
DA:197,1
DA:198,1
DA:202,1
DA:204,1
DA:206,1
DA:208,1
DA:209,2
DA:210,1
DA:212,1
DA:213,0
DA:214,0
DA:217,0
DA:220,1
DA:225,1
DA:227,2
DA:228,1
DA:234,0
DA:241,2
DA:244,0
DA:246,0
DA:255,1
DA:257,1
DA:270,1
DA:272,1
DA:275,1
DA:280,0
DA:281,0
DA:290,1
DA:292,2
DA:293,3
DA:296,1
DA:300,3
DA:303,1
DA:304,1
DA:305,1
DA:307,1
DA:308,1
DA:310,0
LF:124
LH:108
end_of_record
SF:lib/presentation/bloc/now_playing_movies/now_playing_movies_state.dart
DA:4,4
DA:6,1
DA:7,1
DA:16,3
DA:18,1
DA:19,2
DA:24,2
DA:26,1
DA:27,2
LF:9
LH:9
end_of_record
SF:lib/presentation/bloc/now_playing_movies/now_playing_movies_event.dart
DA:4,3
DA:8,3
DA:9,1
DA:10,1
LF:4
LH:4
end_of_record
SF:lib/presentation/bloc/now_playing_movies/now_playing_movies_bloc.dart
DA:12,1
DA:13,2
DA:14,2
DA:15,2
DA:16,2
DA:17,1
DA:18,2
DA:19,2
DA:21,2
DA:22,1
LF:10
LH:10
end_of_record
SF:lib/presentation/pages/now_playing_page.dart
DA:9,1
DA:11,1
DA:12,1
DA:16,1
DA:18,1
DA:19,1
DA:20,4
DA:26,1
DA:28,1
DA:29,1
DA:32,1
DA:34,1
DA:35,1
DA:36,1
DA:43,1
DA:44,1
DA:45,1
DA:46,2
DA:47,1
DA:49,2
DA:51,1
DA:52,1
DA:54,2
LF:23
LH:23
end_of_record
SF:lib/presentation/bloc/popular/popular_state.dart
DA:4,4
DA:6,1
DA:7,1
DA:16,3
DA:18,1
DA:19,2
DA:24,2
DA:26,1
DA:27,2
LF:9
LH:9
end_of_record
SF:lib/presentation/bloc/popular/popular_event.dart
DA:4,3
DA:8,3
DA:10,1
DA:11,1
LF:4
LH:4
end_of_record
SF:lib/presentation/bloc/popular/popular_bloc.dart
DA:11,3
DA:12,2
DA:13,2
DA:14,2
DA:16,1
DA:17,2
DA:18,2
DA:20,2
DA:21,1
LF:9
LH:9
end_of_record
SF:lib/presentation/pages/popular_movies_page.dart
DA:9,1
DA:11,1
DA:12,1
DA:16,1
DA:18,1
DA:19,1
DA:20,4
DA:26,1
DA:28,1
DA:29,1
DA:32,1
DA:34,1
DA:35,1
DA:36,1
DA:40,1
DA:41,1
DA:42,1
DA:43,2
DA:44,1
DA:46,2
DA:48,1
DA:49,1
DA:51,2
LF:23
LH:23
end_of_record
SF:lib/presentation/bloc/watchlist_movie/watchlist_movie_event.dart
DA:4,1
DA:8,1
DA:10,1
DA:11,1
LF:4
LH:4
end_of_record
SF:lib/presentation/bloc/watchlist_movie/watchlist_movie_state.dart
DA:4,2
DA:6,1
DA:7,1
DA:16,2
DA:18,1
DA:19,2
DA:24,1
DA:26,1
DA:27,2
LF:9
LH:9
end_of_record
SF:lib/presentation/bloc/watchlist_movie/watchlist_movie_bloc.dart
DA:12,1
DA:13,2
DA:14,2
DA:15,2
DA:16,2
DA:17,1
DA:18,4
DA:19,2
DA:20,1
LF:9
LH:9
end_of_record
SF:lib/presentation/bloc/search_movie/search_movie_event.dart
DA:4,1
DA:10,1
DA:12,1
DA:13,2
LF:4
LH:4
end_of_record
SF:lib/presentation/bloc/search_movie/search_movie_state.dart
DA:4,2
DA:6,1
DA:7,1
DA:16,2
DA:18,1
DA:19,2
DA:24,1
DA:26,1
DA:27,2
LF:9
LH:9
end_of_record
SF:lib/presentation/bloc/search_movie/search_movie_bloc.dart
DA:11,3
DA:12,2
DA:13,2
DA:14,1
DA:15,2
DA:16,1
DA:17,2
DA:18,2
DA:19,1
DA:20,1
DA:21,0
DA:23,1
DA:24,1
LF:13
LH:12
end_of_record
