SF:lib/domain/entities/tv_episode_toair.dart
DA:18,2
DA:34,1
DA:35,1
DA:36,1
DA:37,1
DA:38,1
DA:39,1
DA:40,1
DA:41,1
DA:42,1
DA:43,1
DA:44,1
DA:45,1
DA:46,1
DA:47,1
DA:48,1
LF:16
LH:16
end_of_record
SF:lib/domain/entities/tv_network.dart
DA:9,14
DA:16,1
DA:17,1
DA:18,1
DA:19,1
DA:20,1
DA:21,1
LF:7
LH:7
end_of_record
SF:lib/domain/entities/tv_season.dart
DA:13,15
DA:24,1
DA:25,1
DA:26,1
DA:27,1
DA:28,1
DA:29,1
DA:30,1
DA:31,1
DA:32,1
DA:33,1
LF:11
LH:11
end_of_record
SF:lib/domain/entities/spoken_language.dart
DA:8,14
DA:14,1
DA:15,4
LF:3
LH:3
end_of_record
SF:lib/domain/entities/tv_production_country.dart
DA:7,14
DA:12,1
DA:13,3
LF:3
LH:3
end_of_record
SF:lib/domain/entities/tv.dart
DA:4,14
DA:34,13
DA:50,6
DA:51,6
DA:52,6
DA:53,6
DA:54,6
DA:55,6
DA:56,6
DA:57,6
DA:58,6
DA:59,6
DA:60,6
DA:61,6
DA:62,6
DA:63,6
DA:64,6
LF:17
LH:17
end_of_record
SF:lib/domain/usecases/tvseries/get_tv_series_populer.dart
DA:9,1
DA:11,1
DA:12,2
LF:3
LH:3
end_of_record
SF:lib/domain/entities/tv_detail.dart
DA:42,14
DA:77,1
DA:78,1
DA:79,1
DA:80,1
DA:81,1
DA:82,1
DA:83,1
DA:84,1
DA:85,1
DA:86,1
DA:87,1
DA:88,1
DA:89,1
DA:90,1
DA:91,1
DA:92,1
DA:93,1
DA:94,1
DA:95,1
DA:96,1
DA:97,1
DA:98,1
DA:99,1
DA:100,1
DA:101,1
DA:102,1
DA:103,1
DA:104,1
DA:105,1
DA:106,1
DA:107,1
DA:108,1
LF:33
LH:33
end_of_record
SF:lib/domain/entities/tv_genre.dart
DA:7,13
DA:12,1
DA:13,3
LF:3
LH:3
end_of_record
SF:lib/domain/usecases/tvseries/save_watchlist_tv.dart
DA:8,1
DA:10,1
DA:11,2
LF:3
LH:3
end_of_record
SF:lib/domain/usecases/tvseries/get_tv_toprated.dart
DA:9,1
DA:11,1
DA:12,2
LF:3
LH:3
end_of_record
SF:lib/domain/usecases/tvseries/search_tvshow.dart
DA:9,1
DA:11,1
DA:12,2
LF:3
LH:3
end_of_record
SF:lib/domain/usecases/tvseries/get_tv_series_ontheair.dart
DA:9,1
DA:11,1
DA:12,2
LF:3
LH:3
end_of_record
SF:lib/domain/usecases/tvseries/get_tv_recomendations.dart
DA:9,1
DA:11,1
DA:12,2
LF:3
LH:3
end_of_record
SF:lib/domain/usecases/tvseries/remove_watchlist_tv.dart
DA:8,1
DA:10,1
DA:11,2
LF:3
LH:3
end_of_record
SF:lib/domain/usecases/tvseries/get_watchlist_tv.dart
DA:8,1
DA:10,1
DA:11,2
LF:3
LH:3
end_of_record
SF:lib/domain/usecases/tvseries/get_tv_detail.dart
DA:9,1
DA:11,1
DA:12,2
LF:3
LH:3
end_of_record
SF:lib/domain/usecases/tvseries/get_watchlist_tv_status.dart
DA:6,1
DA:8,1
DA:9,2
LF:3
LH:3
end_of_record
SF:lib/presentation/bloc/detail_tv/detail_tv_event.dart
DA:4,3
DA:9,2
DA:11,1
DA:12,2
DA:17,2
DA:19,1
DA:20,2
DA:25,1
DA:27,1
DA:28,2
DA:33,3
DA:35,1
DA:36,2
LF:13
LH:13
end_of_record
SF:lib/presentation/bloc/detail_tv/detail_tv_state.dart
DA:12,10
DA:22,1
DA:23,1
DA:24,1
DA:25,1
DA:26,1
DA:27,1
DA:28,1
DA:29,1
DA:30,1
DA:33,2
DA:42,2
DA:43,2
DA:44,2
DA:45,2
DA:46,1
DA:47,2
DA:48,2
DA:49,2
DA:52,2
LF:20
LH:20
end_of_record
SF:lib/presentation/bloc/detail_tv/detail_tv_bloc.dart
DA:25,1
DA:31,2
DA:32,1
DA:33,1
DA:34,3
DA:36,1
DA:37,2
DA:38,2
DA:40,2
DA:41,1
DA:42,2
DA:44,1
DA:47,1
DA:48,1
DA:49,2
DA:55,2
DA:56,1
DA:57,2
DA:59,1
DA:62,1
DA:63,1
DA:64,0
DA:65,0
DA:68,1
DA:69,2
DA:80,2
DA:81,1
DA:82,2
DA:84,1
DA:85,2
DA:86,2
DA:87,1
DA:90,2
DA:91,2
DA:96,3
DA:99,2
DA:100,1
DA:101,2
DA:103,1
DA:104,5
DA:105,1
DA:106,3
DA:108,3
DA:111,2
DA:112,3
DA:113,1
DA:114,2
LF:47
LH:45
end_of_record
SF:lib/presentation/pages/tv/tv_detail_page.dart
DA:15,1
DA:17,1
DA:18,1
DA:22,1
DA:24,1
DA:25,2
DA:26,6
DA:27,6
DA:31,1
DA:33,1
DA:34,1
DA:35,1
DA:36,1
DA:38,1
DA:39,2
DA:40,1
DA:41,1
DA:45,0
DA:46,0
DA:47,0
DA:48,0
DA:54,1
DA:55,3
DA:56,2
DA:58,1
DA:59,1
DA:61,1
DA:65,1
DA:66,1
DA:67,1
DA:68,1
DA:69,1
DA:70,1
DA:73,1
DA:74,0
DA:75,0
DA:91,1
DA:95,1
DA:97,3
DA:98,1
DA:99,1
DA:100,1
DA:101,3
DA:103,1
DA:106,0
DA:108,1
DA:110,1
DA:111,1
DA:112,1
DA:122,1
DA:123,1
DA:124,1
DA:126,1
DA:128,1
DA:130,1
DA:131,1
DA:132,2
DA:133,1
DA:135,1
DA:136,1
DA:137,1
DA:139,1
DA:140,3
DA:143,0
DA:144,0
DA:147,1
DA:149,1
DA:150,1
DA:157,1
DA:158,3
DA:160,1
DA:161,1
DA:162,1
DA:163,3
DA:165,1
DA:171,4
DA:175,1
DA:177,1
DA:179,1
DA:180,2
DA:183,1
DA:185,1
DA:187,1
DA:188,1
DA:190,1
DA:191,1
DA:196,1
DA:198,1
DA:200,1
DA:202,0
DA:203,0
DA:204,0
DA:206,0
DA:207,0
DA:208,0
DA:211,0
DA:214,0
DA:219,0
DA:221,0
DA:222,0
DA:228,0
DA:235,2
DA:238,0
DA:240,0
DA:250,1
DA:252,1
DA:267,1
DA:269,1
DA:272,1
DA:274,0
DA:275,0
DA:284,1
DA:286,2
DA:287,3
DA:290,1
DA:294,3
LF:116
LH:91
end_of_record
SF:lib/presentation/bloc/top_rated_tv/top_rated_tv_event.dart
DA:4,3
DA:8,3
DA:10,1
DA:11,1
LF:4
LH:4
end_of_record
SF:lib/presentation/bloc/top_rated_tv/top_rated_tv_bloc.dart
DA:11,3
DA:12,2
DA:13,2
DA:14,2
DA:15,1
DA:16,2
DA:17,2
DA:19,2
DA:20,1
LF:9
LH:9
end_of_record
SF:lib/presentation/bloc/top_rated_tv/top_rated_tv_state.dart
DA:4,4
DA:6,1
DA:7,1
DA:16,3
DA:18,1
DA:19,2
DA:24,2
DA:26,1
DA:27,2
LF:9
LH:9
end_of_record
SF:lib/presentation/pages/tv/top_rated_tv_page.dart
DA:9,1
DA:11,1
DA:12,1
DA:16,1
DA:18,1
DA:19,1
DA:20,4
DA:23,1
DA:25,1
DA:26,1
DA:29,1
DA:31,1
DA:32,1
DA:33,1
DA:37,1
DA:38,1
DA:39,1
DA:40,2
DA:41,1
DA:43,2
DA:45,1
DA:46,1
DA:48,2
LF:23
LH:23
end_of_record
SF:lib/presentation/bloc/on_the_air/on_the_air_event.dart
DA:4,3
DA:8,3
DA:10,0
DA:11,0
LF:4
LH:2
end_of_record
SF:lib/presentation/bloc/on_the_air/on_the_air_bloc.dart
DA:11,3
DA:12,2
DA:13,2
DA:14,2
DA:15,1
DA:16,2
DA:17,2
DA:19,2
DA:20,1
LF:9
LH:9
end_of_record
SF:lib/presentation/bloc/on_the_air/on_the_air_state.dart
DA:4,4
DA:6,1
DA:7,1
DA:16,3
DA:18,1
DA:19,2
DA:24,2
DA:26,1
DA:27,2
LF:9
LH:9
end_of_record
SF:lib/presentation/pages/tv/on_the_air_page.dart
DA:9,1
DA:11,1
DA:12,1
DA:16,1
DA:18,1
DA:19,1
DA:20,4
DA:23,1
DA:25,1
DA:26,1
DA:29,1
DA:31,1
DA:32,1
DA:33,1
DA:37,1
DA:38,1
DA:39,1
DA:40,2
DA:41,1
DA:43,2
DA:45,1
DA:46,1
DA:48,2
LF:23
LH:23
end_of_record
SF:lib/presentation/bloc/popular/popular_event.dart
DA:4,3
DA:8,3
DA:10,1
DA:11,1
LF:4
LH:4
end_of_record
SF:lib/presentation/bloc/popular/popular_bloc.dart
DA:11,3
DA:12,2
DA:13,2
DA:14,2
DA:16,1
DA:17,2
DA:18,2
DA:20,2
DA:21,1
LF:9
LH:9
end_of_record
SF:lib/presentation/bloc/popular/popular_state.dart
DA:4,4
DA:6,1
DA:7,1
DA:16,3
DA:18,1
DA:19,2
DA:24,2
DA:26,1
DA:27,2
LF:9
LH:9
end_of_record
SF:lib/presentation/pages/tv/popular_tv_page.dart
DA:9,1
DA:11,1
DA:12,1
DA:16,1
DA:18,1
DA:19,1
DA:20,4
DA:23,1
DA:25,1
DA:26,1
DA:29,1
DA:31,1
DA:32,1
DA:33,1
DA:37,1
DA:38,1
DA:39,1
DA:40,2
DA:41,1
DA:43,2
DA:45,1
DA:46,1
DA:48,2
LF:23
LH:23
end_of_record
SF:lib/presentation/bloc/search_tv/search_tv_bloc.dart
DA:11,3
DA:12,2
DA:13,2
DA:14,1
DA:16,2
DA:18,5
DA:19,1
DA:20,1
DA:21,0
DA:23,2
LF:10
LH:9
end_of_record
SF:lib/presentation/bloc/search_tv/search_tv_event.dart
DA:4,1
DA:10,1
DA:12,1
DA:13,2
LF:4
LH:4
end_of_record
SF:lib/presentation/bloc/search_tv/search_tv_state.dart
DA:4,2
DA:6,1
DA:7,1
DA:16,2
DA:18,1
DA:19,2
DA:24,1
DA:26,1
DA:27,2
LF:9
LH:9
end_of_record
SF:lib/presentation/bloc/watchlist_tv/watchlist_tv_state.dart
DA:4,2
DA:6,1
DA:7,1
DA:16,2
DA:18,1
DA:19,2
DA:24,1
DA:26,1
DA:27,2
LF:9
LH:9
end_of_record
SF:lib/presentation/bloc/watchlist_tv/watchlist_tv_bloc.dart
DA:11,1
DA:12,2
DA:13,2
DA:14,2
DA:16,2
DA:18,1
DA:19,2
DA:20,2
DA:21,1
DA:22,1
DA:23,0
DA:25,2
LF:12
LH:11
end_of_record
SF:lib/presentation/bloc/watchlist_tv/watchlist_tv_event.dart
DA:4,1
DA:8,1
DA:9,1
DA:10,1
LF:4
LH:4
end_of_record
