SF:./module/movie/lib/domain/entitites/movie.dart
DA:4,14
DA:20,13
DA:50,6
DA:51,6
DA:52,6
DA:53,6
DA:54,6
DA:55,6
DA:56,6
DA:57,6
DA:58,6
DA:59,6
DA:60,6
DA:61,6
DA:62,6
DA:63,6
DA:64,6
LF:17
LH:17
end_of_record
SF:./module/movie/lib/domain/usecases/get_top_rated_movies.dart
DA:9,1
DA:11,1
DA:12,2
LF:3
LH:3
end_of_record
SF:./module/movie/lib/domain/entitites/movie_detail.dart
DA:5,13
DA:33,1
DA:34,1
DA:35,1
DA:36,1
DA:37,1
DA:38,1
DA:39,1
DA:40,1
DA:41,1
DA:42,1
DA:43,1
DA:44,1
DA:45,1
LF:14
LH:14
end_of_record
SF:./module/movie/lib/domain/entitites/genre.dart
DA:4,13
DA:12,1
DA:13,3
LF:3
LH:3
end_of_record
SF:./module/movie/lib/domain/usecases/save_watchlist.dart
DA:9,1
DA:11,1
DA:12,2
LF:3
LH:3
end_of_record
SF:./module/movie/lib/domain/usecases/get_movie_detail.dart
DA:9,1
DA:11,1
DA:12,2
LF:3
LH:3
end_of_record
SF:./module/movie/lib/domain/usecases/get_movie_recommendations.dart
DA:9,1
DA:11,1
DA:12,2
LF:3
LH:3
end_of_record
SF:./module/movie/lib/domain/usecases/get_watchlist_movies.dart
DA:9,1
DA:11,1
DA:12,2
LF:3
LH:3
end_of_record
SF:./module/movie/lib/domain/usecases/get_now_playing_movies.dart
DA:9,1
DA:11,1
DA:12,2
LF:3
LH:3
end_of_record
SF:./module/movie/lib/domain/usecases/get_popular_movies.dart
DA:9,1
DA:11,1
DA:12,2
LF:3
LH:3
end_of_record
SF:./module/movie/lib/domain/usecases/remove_watchlist.dart
DA:9,1
DA:11,1
DA:12,2
LF:3
LH:3
end_of_record
SF:./module/movie/lib/domain/usecases/search_movies.dart
DA:9,1
DA:11,1
DA:12,2
LF:3
LH:3
end_of_record
SF:./module/movie/lib/domain/usecases/get_watchlist_status.dart
DA:6,1
DA:8,1
DA:9,2
LF:3
LH:3
end_of_record
SF:./module/movie/lib/presentation/bloc/popular/popular_state.dart
DA:4,4
DA:6,1
DA:7,1
DA:16,3
DA:18,1
DA:19,2
DA:24,2
DA:26,1
DA:27,2
LF:9
LH:9
end_of_record
SF:./module/movie/lib/presentation/bloc/popular/popular_event.dart
DA:4,3
DA:8,3
DA:10,1
DA:11,1
LF:4
LH:4
end_of_record
SF:./module/movie/lib/presentation/bloc/popular/popular_bloc.dart
DA:11,3
DA:12,2
DA:13,2
DA:14,2
DA:16,1
DA:17,2
DA:18,2
DA:20,2
DA:21,1
LF:9
LH:9
end_of_record
SF:./module/movie/lib/presentation/pages/popular_movies_page.dart
DA:9,1
DA:11,1
DA:12,1
DA:16,1
DA:18,1
DA:19,1
DA:20,4
DA:26,1
DA:28,1
DA:29,1
DA:32,1
DA:34,1
DA:35,1
DA:36,1
DA:40,1
DA:41,1
DA:42,1
DA:43,2
DA:44,1
DA:46,2
DA:48,1
DA:49,1
DA:51,2
LF:23
LH:23
end_of_record
SF:./module/movie/lib/presentation/bloc/detail_movie/detail_movie_state.dart
DA:12,10
DA:21,1
DA:22,1
DA:23,1
DA:24,1
DA:25,1
DA:26,1
DA:27,1
DA:28,1
DA:29,1
DA:32,2
DA:41,2
DA:42,2
DA:43,2
DA:44,2
DA:45,2
DA:46,2
DA:47,2
DA:48,1
DA:51,2
LF:20
LH:20
end_of_record
SF:./module/movie/lib/presentation/bloc/detail_movie/detail_movie_event.dart
DA:4,3
DA:9,2
DA:11,1
DA:12,2
DA:17,2
DA:19,1
DA:20,2
DA:25,2
DA:27,1
DA:28,2
DA:34,3
DA:35,1
DA:36,2
LF:13
LH:13
end_of_record
SF:./module/movie/lib/presentation/bloc/detail_movie/detail_movie_bloc.dart
DA:25,1
DA:31,2
DA:32,2
DA:33,3
DA:35,1
DA:36,2
DA:37,2
DA:39,1
DA:40,1
DA:41,1
DA:42,2
DA:44,1
DA:48,1
DA:49,1
DA:50,2
DA:56,2
DA:57,1
DA:58,2
DA:60,1
DA:63,1
DA:64,1
DA:65,0
DA:66,0
DA:71,1
DA:72,2
DA:83,1
DA:84,1
DA:85,1
DA:86,2
DA:88,1
DA:89,2
DA:90,2
DA:91,1
DA:94,2
DA:95,2
DA:100,3
DA:104,2
DA:105,1
DA:106,2
DA:108,1
DA:109,5
DA:110,2
DA:111,2
DA:116,3
DA:119,2
DA:120,3
DA:121,3
LF:47
LH:45
end_of_record
SF:./module/movie/lib/presentation/bloc/top_rated/top_rated_bloc.dart
DA:11,3
DA:12,2
DA:13,2
DA:15,2
DA:16,1
DA:17,4
DA:18,2
DA:19,1
LF:8
LH:8
end_of_record
SF:./module/movie/lib/presentation/bloc/top_rated/top_rated_state.dart
DA:4,4
DA:6,1
DA:7,1
DA:16,3
DA:18,1
DA:19,2
DA:24,2
DA:26,1
DA:27,2
LF:9
LH:9
end_of_record
SF:./module/movie/lib/presentation/bloc/top_rated/top_rated_event.dart
DA:4,9
DA:8,9
DA:10,1
DA:11,1
LF:4
LH:4
end_of_record
SF:./module/movie/lib/presentation/pages/movie_detail_page.dart
DA:16,1
DA:18,1
DA:19,1
DA:23,1
DA:25,1
DA:26,2
DA:27,6
DA:28,6
DA:32,1
DA:34,1
DA:35,1
DA:36,1
DA:37,1
DA:38,1
DA:42,1
DA:43,1
DA:44,1
DA:45,1
DA:46,1
DA:47,1
DA:50,1
DA:51,0
DA:52,0
DA:58,1
DA:59,1
DA:60,1
DA:61,2
DA:62,1
DA:63,1
DA:67,0
DA:68,0
DA:69,0
DA:70,0
DA:76,1
DA:77,3
DA:78,2
DA:90,1
DA:93,1
DA:95,3
DA:96,1
DA:97,1
DA:98,1
DA:99,3
DA:101,1
DA:104,0
DA:106,1
DA:108,1
DA:109,1
DA:110,1
DA:120,1
DA:121,1
DA:122,1
DA:124,1
DA:126,1
DA:128,1
DA:129,1
DA:130,2
DA:131,1
DA:133,1
DA:134,1
DA:135,1
DA:137,1
DA:138,3
DA:141,1
DA:142,3
DA:145,1
DA:147,1
DA:148,1
DA:155,1
DA:156,3
DA:158,1
DA:159,3
DA:161,1
DA:162,1
DA:163,1
DA:164,3
DA:166,1
DA:172,4
DA:176,1
DA:178,1
DA:180,1
DA:181,2
DA:184,1
DA:186,1
DA:188,1
DA:189,1
DA:191,1
DA:192,1
DA:196,1
DA:198,1
DA:200,1
DA:202,1
DA:203,2
DA:204,1
DA:206,1
DA:207,0
DA:208,0
DA:211,0
DA:214,1
DA:219,1
DA:221,2
DA:222,1
DA:228,0
DA:235,2
DA:238,0
DA:240,0
DA:249,1
DA:251,1
DA:264,1
DA:266,1
DA:269,1
DA:271,0
DA:272,0
DA:281,1
DA:283,2
DA:284,3
DA:287,1
DA:291,3
DA:294,1
DA:295,1
DA:296,1
DA:298,1
DA:299,1
DA:301,0
LF:124
LH:108
end_of_record
SF:./module/movie/lib/presentation/pages/top_rated_movies_page.dart
DA:9,1
DA:11,1
DA:12,1
DA:16,1
DA:18,1
DA:19,1
DA:20,4
DA:26,1
DA:28,1
DA:29,1
DA:32,1
DA:34,1
DA:35,1
DA:36,1
DA:40,1
DA:41,1
DA:42,1
DA:43,2
DA:44,1
DA:46,2
DA:48,1
DA:49,1
DA:51,2
LF:23
LH:23
end_of_record
SF:./module/movie/lib/presentation/bloc/now_playing_movies/now_playing_movies_state.dart
DA:4,4
DA:6,1
DA:7,1
DA:16,3
DA:18,1
DA:19,2
DA:24,2
DA:26,1
DA:27,2
LF:9
LH:9
end_of_record
SF:./module/movie/lib/presentation/bloc/now_playing_movies/now_playing_movies_event.dart
DA:4,3
DA:8,3
DA:9,1
DA:10,1
LF:4
LH:4
end_of_record
SF:./module/movie/lib/presentation/bloc/now_playing_movies/now_playing_movies_bloc.dart
DA:12,1
DA:13,2
DA:14,2
DA:15,2
DA:16,2
DA:17,1
DA:18,2
DA:19,2
DA:21,2
DA:22,1
LF:10
LH:10
end_of_record
SF:./module/movie/lib/presentation/pages/now_playing_page.dart
DA:9,1
DA:11,1
DA:12,1
DA:16,1
DA:18,1
DA:19,1
DA:20,4
DA:26,1
DA:28,1
DA:29,1
DA:32,1
DA:34,1
DA:35,1
DA:36,1
DA:43,1
DA:44,1
DA:45,1
DA:46,2
DA:47,1
DA:49,2
DA:51,1
DA:52,1
DA:54,2
LF:23
LH:23
end_of_record
SF:./module/movie/lib/presentation/bloc/watchlist_movie/watchlist_movie_event.dart
DA:4,1
DA:8,1
DA:10,1
DA:11,1
LF:4
LH:4
end_of_record
SF:./module/movie/lib/presentation/bloc/watchlist_movie/watchlist_movie_state.dart
DA:4,2
DA:6,1
DA:7,1
DA:16,2
DA:18,1
DA:19,2
DA:24,1
DA:26,1
DA:27,2
LF:9
LH:9
end_of_record
SF:./module/movie/lib/presentation/bloc/watchlist_movie/watchlist_movie_bloc.dart
DA:12,1
DA:13,2
DA:14,2
DA:15,2
DA:16,2
DA:17,1
DA:18,4
DA:19,2
DA:20,1
LF:9
LH:9
end_of_record
SF:./module/movie/lib/presentation/bloc/search_movie/search_movie_event.dart
DA:4,1
DA:10,1
DA:12,1
DA:13,2
LF:4
LH:4
end_of_record
SF:./module/movie/lib/presentation/bloc/search_movie/search_movie_state.dart
DA:4,2
DA:6,1
DA:7,1
DA:16,2
DA:18,1
DA:19,2
DA:24,1
DA:26,1
DA:27,2
LF:9
LH:9
end_of_record
SF:./module/movie/lib/presentation/bloc/search_movie/search_movie_bloc.dart
DA:11,3
DA:12,2
DA:13,2
DA:14,1
DA:15,2
DA:16,1
DA:17,2
DA:18,2
DA:19,1
DA:20,1
DA:21,0
DA:23,1
DA:24,1
LF:13
LH:12
end_of_record
SF:./module/core/lib/data/datasources/db/database_helper.dart
DA:9,1
DA:13,2
DA:17,1
DA:18,1
DA:27,1
DA:28,1
DA:29,1
DA:31,2
DA:35,0
DA:36,0
DA:45,0
DA:54,0
DA:64,0
DA:75,0
DA:77,0
DA:78,0
DA:79,0
DA:80,0
DA:81,0
DA:82,0
DA:87,0
DA:88,0
DA:89,0
DA:92,0
DA:97,0
DA:99,0
DA:100,0
DA:101,0
DA:102,0
DA:103,0
DA:104,0
DA:109,0
DA:110,0
DA:111,0
DA:114,0
DA:119,0
DA:120,0
DA:121,0
DA:124,0
DA:128,0
DA:129,0
DA:130,0
DA:133,0
DA:137,1
DA:138,1
DA:139,2
DA:142,1
DA:143,1
DA:144,1
DA:147,2
DA:151,0
DA:152,0
DA:153,0
DA:156,0
DA:159,0
DA:160,0
DA:166,1
DA:167,1
DA:168,1
DA:173,1
DA:174,1
DA:175,2
DA:178,1
DA:179,1
DA:180,1
DA:183,2
DA:187,0
DA:188,0
DA:189,0
DA:192,0
DA:195,0
DA:196,0
DA:202,1
DA:203,1
DA:204,1
LF:75
LH:28
end_of_record
SF:./module/core/lib/data/datasources/movie_local_data_source.dart
DA:17,1
DA:19,1
DA:22,2
DA:25,2
DA:29,1
DA:32,2
DA:35,2
DA:39,1
DA:41,2
DA:43,1
DA:49,1
DA:51,2
DA:52,4
DA:55,0
DA:57,0
DA:58,0
DA:61,0
DA:63,0
DA:64,0
DA:65,0
DA:67,0
LF:21
LH:13
end_of_record
SF:./module/core/lib/data/datasources/movie_remote_data_source.dart
DA:25,1
DA:27,1
DA:30,3
DA:32,2
DA:33,4
DA:35,1
DA:39,1
DA:42,4
DA:44,2
DA:45,3
DA:47,1
DA:51,1
DA:53,1
DA:54,3
DA:56,2
DA:57,4
DA:59,1
DA:63,1
DA:66,3
DA:68,2
DA:69,4
DA:71,1
DA:75,1
DA:78,3
DA:80,2
DA:81,4
DA:83,1
DA:87,1
DA:89,1
DA:90,3
DA:92,2
DA:93,4
DA:95,1
LF:33
LH:33
end_of_record
SF:./module/core/lib/data/datasources/tv_local_data_source.dart
DA:16,1
DA:18,1
DA:20,2
DA:22,1
DA:28,1
DA:30,2
DA:31,4
DA:34,1
DA:37,2
DA:40,2
DA:44,1
DA:47,2
DA:50,2
DA:54,0
DA:56,0
DA:57,0
DA:60,0
DA:62,0
DA:63,0
DA:64,0
DA:66,0
LF:21
LH:13
end_of_record
SF:./module/core/lib/data/datasources/tv_remote_datasource.dart
DA:24,1
DA:26,1
DA:29,3
DA:31,2
DA:32,4
DA:34,1
DA:38,1
DA:41,3
DA:43,2
DA:44,4
DA:46,1
DA:50,1
DA:53,3
DA:55,2
DA:56,4
DA:58,1
DA:62,1
DA:64,4
DA:66,2
DA:67,3
DA:69,1
DA:73,1
DA:75,1
DA:76,3
DA:78,2
DA:79,4
DA:81,1
DA:85,1
DA:87,1
DA:88,3
DA:90,2
DA:91,4
DA:93,1
LF:33
LH:33
end_of_record
SF:./module/core/lib/data/models/movie_detail_model.dart
DA:6,3
DA:52,1
DA:53,1
DA:54,1
DA:55,1
DA:56,1
DA:57,1
DA:58,4
DA:59,1
DA:60,1
DA:61,1
DA:62,1
DA:63,1
DA:64,1
DA:65,2
DA:66,1
DA:67,1
DA:68,1
DA:69,1
DA:70,1
DA:71,1
DA:72,1
DA:73,1
DA:74,2
DA:75,1
DA:78,2
DA:79,1
DA:80,1
DA:81,1
DA:82,3
DA:83,1
DA:84,1
DA:85,1
DA:86,1
DA:87,1
DA:88,1
DA:89,1
DA:90,1
DA:91,1
DA:92,1
DA:93,1
DA:94,1
DA:95,1
DA:96,1
DA:97,1
DA:98,1
DA:99,1
DA:102,1
DA:103,1
DA:104,1
DA:105,1
DA:106,5
DA:107,1
DA:108,1
DA:109,1
DA:110,1
DA:111,1
DA:112,1
DA:113,1
DA:114,1
DA:115,1
DA:119,1
DA:120,1
DA:121,1
DA:122,1
DA:123,1
DA:124,1
DA:125,1
DA:126,1
DA:127,1
DA:128,1
DA:129,1
DA:130,1
DA:131,1
DA:132,1
DA:133,1
DA:134,1
DA:135,1
DA:136,1
DA:137,1
DA:138,1
DA:139,1
DA:140,1
DA:141,1
LF:84
LH:84
end_of_record
SF:./module/core/lib/data/models/movie_model.dart
DA:5,5
DA:35,4
DA:36,2
DA:37,2
DA:38,8
DA:39,2
DA:40,2
DA:41,2
DA:42,4
DA:43,2
DA:44,2
DA:45,2
DA:46,2
DA:47,4
DA:48,2
DA:51,2
DA:52,1
DA:53,1
DA:54,4
DA:55,1
DA:56,1
DA:57,1
DA:58,1
DA:59,1
DA:60,1
DA:61,1
DA:62,1
DA:63,1
DA:64,1
DA:67,2
DA:68,2
DA:69,2
DA:70,2
DA:71,2
DA:72,2
DA:73,2
DA:74,2
DA:75,2
DA:76,2
DA:77,2
DA:78,2
DA:79,2
DA:80,2
DA:81,2
DA:85,2
DA:86,2
DA:87,2
DA:88,2
DA:89,2
DA:90,2
DA:91,2
DA:92,2
DA:93,2
DA:94,2
DA:95,2
DA:96,2
DA:97,2
DA:98,2
DA:99,2
LF:59
LH:59
end_of_record
SF:./module/core/lib/data/models/movie_table.dart
DA:12,6
DA:19,2
DA:20,1
DA:21,1
DA:22,1
DA:23,1
DA:26,4
DA:27,2
DA:28,2
DA:29,2
DA:30,2
DA:33,2
DA:34,1
DA:35,1
DA:36,1
DA:37,1
DA:40,2
DA:41,1
DA:42,1
DA:43,1
DA:44,1
DA:47,2
DA:48,1
DA:49,1
DA:50,1
DA:51,1
DA:54,2
DA:55,1
DA:56,1
DA:57,1
DA:58,1
DA:61,2
DA:62,2
DA:63,2
DA:64,2
DA:65,2
DA:66,2
LF:37
LH:37
end_of_record
SF:./module/core/lib/data/models/tv_detail_model.dart
DA:43,3
DA:78,2
DA:79,1
DA:80,1
DA:81,1
DA:82,0
DA:83,4
DA:84,1
DA:85,0
DA:86,4
DA:87,1
DA:89,2
DA:90,1
DA:91,0
DA:92,1
DA:93,4
DA:94,1
DA:95,1
DA:96,1
DA:97,1
DA:98,0
DA:99,4
DA:100,1
DA:102,2
DA:103,1
DA:105,2
DA:106,1
DA:107,1
DA:112,1
DA:113,1
DA:114,1
DA:115,0
DA:116,4
DA:117,1
DA:118,1
DA:119,1
DA:120,2
DA:121,1
DA:122,1
DA:123,0
DA:124,4
DA:125,1
DA:126,0
DA:127,2
DA:128,3
DA:129,1
DA:130,0
DA:131,1
DA:132,4
DA:133,1
DA:134,0
DA:135,2
DA:136,3
DA:137,1
DA:138,1
DA:139,1
DA:140,2
DA:141,1
DA:144,2
DA:145,1
DA:146,1
DA:147,1
DA:148,1
DA:149,0
DA:150,1
DA:151,0
DA:152,4
DA:154,13
DA:155,1
DA:156,0
DA:157,3
DA:158,1
DA:159,1
DA:160,1
DA:161,1
DA:162,0
DA:163,4
DA:165,13
DA:166,1
DA:167,1
DA:168,1
DA:172,1
DA:173,1
DA:174,1
DA:175,0
DA:176,4
DA:177,1
DA:178,1
DA:179,1
DA:180,1
DA:181,1
DA:182,1
DA:183,1
DA:184,0
DA:185,1
DA:186,0
DA:187,3
DA:188,1
DA:189,0
DA:190,3
DA:191,1
DA:192,0
DA:193,3
DA:194,1
DA:195,1
DA:196,1
DA:197,1
DA:198,1
DA:201,1
DA:202,1
DA:203,1
DA:204,1
DA:205,1
DA:206,1
DA:207,1
DA:208,5
DA:209,1
DA:210,1
DA:211,1
DA:212,1
DA:213,1
DA:214,2
DA:215,1
DA:216,1
DA:217,1
DA:218,1
DA:219,1
DA:220,1
DA:221,1
DA:222,1
DA:223,1
DA:224,1
DA:226,5
DA:227,5
DA:228,5
DA:229,1
DA:230,1
DA:231,1
DA:232,1
DA:233,1
DA:237,1
DA:238,1
DA:239,1
DA:240,1
DA:241,1
DA:242,1
DA:243,1
DA:244,1
DA:245,1
DA:246,1
DA:247,1
DA:248,1
DA:249,1
DA:250,1
DA:251,1
DA:252,1
DA:254,1
DA:255,1
DA:256,1
DA:257,1
DA:258,1
DA:259,1
DA:260,1
DA:261,1
DA:262,1
DA:263,1
DA:264,1
DA:265,1
DA:266,1
DA:267,1
DA:268,1
DA:269,1
DA:270,1
LF:173
LH:155
end_of_record
SF:./module/core/lib/data/models/tv_model.dart
DA:5,5
DA:35,4
DA:36,2
DA:37,2
DA:38,2
DA:39,0
DA:40,8
DA:41,2
DA:42,2
DA:43,2
DA:44,0
DA:45,8
DA:46,2
DA:47,2
DA:48,2
DA:49,4
DA:50,2
DA:51,4
DA:52,2
DA:55,2
DA:56,1
DA:57,1
DA:59,5
DA:60,1
DA:61,1
DA:62,1
DA:63,0
DA:64,4
DA:65,1
DA:66,1
DA:67,1
DA:68,1
DA:69,1
DA:70,1
DA:71,1
DA:74,2
DA:75,2
DA:76,2
DA:77,2
DA:78,2
DA:79,2
DA:80,2
DA:81,2
DA:82,2
DA:83,2
DA:84,2
DA:85,2
DA:86,2
DA:87,2
DA:88,2
DA:92,2
DA:93,2
DA:94,2
DA:95,2
DA:96,2
DA:97,2
DA:98,2
DA:99,2
DA:100,2
DA:101,2
DA:102,2
DA:103,2
DA:104,2
DA:105,2
DA:106,2
LF:65
LH:62
end_of_record
SF:./module/core/lib/data/models/tvseries_table.dart
DA:12,6
DA:19,2
DA:20,1
DA:21,1
DA:22,1
DA:23,1
DA:26,4
DA:27,2
DA:28,2
DA:29,2
DA:30,2
DA:33,2
DA:34,1
DA:35,1
DA:36,1
DA:39,2
DA:40,1
DA:41,1
DA:42,1
DA:45,2
DA:46,1
DA:47,1
DA:48,1
DA:49,1
DA:52,2
DA:53,1
DA:54,1
DA:55,1
DA:56,1
DA:59,2
DA:60,2
DA:61,2
DA:62,2
DA:63,2
DA:64,2
LF:35
LH:35
end_of_record
SF:./module/core/lib/utils/network_info.dart
DA:9,1
DA:10,1
DA:11,2
LF:3
LH:3
end_of_record
SF:./module/core/lib/style/text_style.dart
DA:6,2
DA:7,1
DA:8,9
DA:10,3
DA:12,3
DA:16,3
DA:17,1
DA:18,1
DA:19,1
DA:20,1
LF:10
LH:10
end_of_record
SF:./module/core/lib/utils/exception.dart
DA:6,4
DA:12,2
LF:2
LH:2
end_of_record
SF:./module/core/lib/utils/failure.dart
DA:6,6
DA:8,2
DA:9,4
DA:13,4
DA:17,4
DA:21,6
DA:25,8
LF:7
LH:7
end_of_record
SF:./module/core/lib/utils/utils.dart
DA:3,0
LF:1
LH:0
end_of_record
SF:./module/core/lib/data/models/movie_response.dart
DA:7,3
DA:9,4
DA:10,4
DA:11,6
DA:12,6
DA:15,2
DA:16,5
DA:19,1
DA:20,2
LF:9
LH:9
end_of_record
SF:./module/core/lib/data/models/tv_response.dart
DA:6,3
DA:8,4
DA:9,2
DA:10,2
DA:11,6
DA:12,6
DA:16,1
DA:17,6
DA:19,1
DA:20,2
LF:10
LH:10
end_of_record
SF:./module/core/lib/data/models/genre_model.dart
DA:5,3
DA:13,2
DA:14,1
DA:15,1
DA:18,2
DA:19,1
DA:20,1
DA:23,1
DA:24,3
DA:27,1
DA:28,3
LF:11
LH:11
end_of_record
SF:./module/core/lib/data/models/t_episodetoair_model.dart
DA:19,3
DA:35,1
DA:36,1
DA:37,1
DA:38,1
DA:39,1
DA:40,1
DA:41,1
DA:43,3
DA:44,1
DA:45,1
DA:46,1
DA:47,1
DA:48,1
DA:49,1
DA:50,1
DA:53,2
DA:54,1
DA:55,1
DA:56,1
DA:57,1
DA:58,1
DA:60,13
DA:61,1
DA:62,1
DA:63,1
DA:64,1
DA:65,1
DA:66,1
DA:67,1
DA:70,1
DA:71,1
DA:72,1
DA:73,1
DA:74,1
DA:75,1
DA:76,1
DA:77,1
DA:78,1
DA:79,1
DA:80,1
DA:81,1
DA:82,1
DA:83,1
DA:84,1
DA:88,1
DA:89,1
DA:90,1
DA:91,1
DA:92,1
DA:93,1
DA:94,1
DA:95,1
DA:96,1
DA:97,1
DA:98,1
DA:99,1
DA:100,1
DA:101,1
DA:102,1
LF:60
LH:60
end_of_record
SF:./module/core/lib/data/models/tv_genre_model.dart
DA:8,3
DA:13,2
DA:14,1
DA:15,1
DA:18,2
DA:19,1
DA:20,1
DA:23,1
DA:24,3
DA:27,1
DA:28,3
LF:11
LH:11
end_of_record
SF:./module/core/lib/data/models/tv_product_country_model.dart
DA:8,3
DA:13,1
DA:14,1
DA:15,1
DA:16,1
DA:19,2
DA:20,1
DA:21,1
DA:24,1
DA:25,1
DA:26,1
DA:27,1
DA:31,1
DA:32,3
LF:14
LH:14
end_of_record
SF:./module/core/lib/data/models/tv_season_model.dart
DA:14,4
DA:25,2
DA:27,3
DA:28,1
DA:29,1
DA:30,1
DA:31,1
DA:32,1
DA:33,1
DA:34,2
DA:37,2
DA:39,13
DA:40,1
DA:41,1
DA:42,1
DA:43,1
DA:44,1
DA:45,1
DA:46,1
DA:49,1
DA:50,1
DA:51,1
DA:52,1
DA:53,1
DA:54,1
DA:55,1
DA:56,1
DA:57,1
DA:58,1
DA:62,1
DA:63,1
DA:64,1
DA:65,1
DA:66,1
DA:67,1
DA:68,1
DA:69,1
DA:70,1
DA:71,1
LF:39
LH:39
end_of_record
SF:./module/core/lib/data/models/tv_spoken_model.dart
DA:9,3
DA:15,1
DA:16,1
DA:17,1
DA:18,1
DA:19,1
DA:22,2
DA:23,1
DA:24,1
DA:25,1
DA:28,1
DA:29,1
DA:30,1
DA:31,1
DA:32,1
DA:36,1
DA:37,4
LF:17
LH:17
end_of_record
SF:./module/core/lib/data/repositories/movie_repository_impl.dart
DA:19,1
DA:26,1
DA:28,2
DA:30,2
DA:31,4
DA:32,1
DA:35,1
DA:36,5
DA:37,1
DA:39,0
DA:45,2
DA:46,5
DA:47,1
DA:48,3
DA:53,1
DA:56,2
DA:57,2
DA:58,1
DA:60,1
DA:65,1
DA:68,2
DA:69,3
DA:70,1
DA:72,1
DA:77,1
DA:80,2
DA:81,5
DA:82,1
DA:84,1
DA:89,1
DA:92,2
DA:93,5
DA:94,1
DA:96,1
DA:101,1
DA:104,2
DA:105,5
DA:106,1
DA:108,1
DA:113,1
DA:117,3
DA:118,1
DA:119,1
DA:120,3
DA:126,1
DA:130,3
DA:131,1
DA:132,1
DA:133,3
DA:137,1
DA:139,2
DA:143,1
DA:145,2
DA:146,5
DA:149,1
DA:151,2
DA:153,4
DA:154,2
DA:157,1
DA:160,2
DA:162,4
DA:163,2
DA:164,5
DA:168,1
LF:64
LH:63
end_of_record
SF:./module/core/lib/data/repositories/tvseries_repository_impl.dart
DA:20,1
DA:27,1
DA:29,2
DA:31,2
DA:32,4
DA:33,1
DA:36,1
DA:38,5
DA:39,1
DA:41,0
DA:46,2
DA:47,5
DA:48,1
DA:49,3
DA:54,1
DA:57,2
DA:58,5
DA:59,1
DA:61,1
DA:66,1
DA:69,2
DA:71,3
DA:72,1
DA:74,1
DA:79,1
DA:82,2
DA:83,5
DA:84,1
DA:86,1
DA:91,1
DA:94,2
DA:96,2
DA:97,1
DA:99,1
DA:104,1
DA:107,2
DA:108,5
DA:109,1
DA:111,1
DA:116,1
DA:118,2
DA:119,5
DA:122,1
DA:124,2
DA:128,1
DA:132,3
DA:133,1
DA:134,1
DA:135,3
DA:139,1
DA:143,3
DA:145,1
DA:146,1
DA:147,3
DA:153,1
DA:155,2
DA:156,4
DA:157,2
DA:160,1
DA:163,2
DA:164,2
DA:165,4
DA:166,4
DA:167,1
DA:171,1
DA:172,3
LF:66
LH:65
end_of_record
SF:./module/core/lib/data/models/tv_network_model.dart
DA:10,2
DA:17,2
DA:18,1
DA:19,1
DA:20,1
DA:21,1
DA:24,2
DA:25,1
DA:26,1
DA:27,1
DA:28,1
DA:31,1
DA:32,1
DA:33,1
DA:34,1
DA:35,1
DA:36,1
DA:40,1
DA:41,1
DA:42,1
DA:43,1
DA:44,1
DA:45,1
LF:23
LH:23
end_of_record
SF:./module/core/lib/presentation/widgets/movie_card_list.dart
DA:10,1
DA:12,1
DA:14,1
DA:16,1
DA:17,0
DA:18,0
DA:21,0
DA:24,1
DA:26,1
DA:27,1
DA:28,1
DA:34,1
DA:36,1
DA:37,1
DA:38,2
DA:41,1
DA:44,1
DA:45,2
DA:53,1
DA:58,1
DA:60,1
DA:61,3
DA:63,1
DA:66,0
LF:24
LH:20
end_of_record
SF:./module/core/lib/presentation/widgets/tv_card_list.dart
DA:11,1
DA:13,1
DA:15,1
DA:17,1
DA:18,0
DA:19,0
DA:22,0
DA:25,1
DA:27,1
DA:28,1
DA:29,1
DA:35,1
DA:37,1
DA:38,1
DA:39,2
DA:42,1
DA:45,1
DA:46,2
DA:54,1
DA:59,1
DA:61,1
DA:62,3
DA:64,1
DA:67,0
LF:24
LH:20
end_of_record
SF:./module/tv/lib/domain/entities/tv_episode_toair.dart
DA:18,2
DA:34,1
DA:35,1
DA:36,1
DA:37,1
DA:38,1
DA:39,1
DA:40,1
DA:41,1
DA:42,1
DA:43,1
DA:44,1
DA:45,1
DA:46,1
DA:47,1
DA:48,1
LF:16
LH:16
end_of_record
SF:./module/tv/lib/domain/entities/tv_network.dart
DA:9,14
DA:16,1
DA:17,1
DA:18,1
DA:19,1
DA:20,1
DA:21,1
LF:7
LH:7
end_of_record
SF:./module/tv/lib/domain/entities/tv_season.dart
DA:13,15
DA:24,1
DA:25,1
DA:26,1
DA:27,1
DA:28,1
DA:29,1
DA:30,1
DA:31,1
DA:32,1
DA:33,1
LF:11
LH:11
end_of_record
SF:./module/tv/lib/domain/entities/spoken_language.dart
DA:8,14
DA:14,1
DA:15,4
LF:3
LH:3
end_of_record
SF:./module/tv/lib/domain/entities/tv_production_country.dart
DA:7,14
DA:12,1
DA:13,3
LF:3
LH:3
end_of_record
SF:./module/tv/lib/domain/entities/tv.dart
DA:4,14
DA:34,13
DA:50,6
DA:51,6
DA:52,6
DA:53,6
DA:54,6
DA:55,6
DA:56,6
DA:57,6
DA:58,6
DA:59,6
DA:60,6
DA:61,6
DA:62,6
DA:63,6
DA:64,6
LF:17
LH:17
end_of_record
SF:./module/tv/lib/domain/usecases/tvseries/get_tv_series_populer.dart
DA:9,1
DA:11,1
DA:12,2
LF:3
LH:3
end_of_record
SF:./module/tv/lib/domain/entities/tv_detail.dart
DA:42,14
DA:77,1
DA:78,1
DA:79,1
DA:80,1
DA:81,1
DA:82,1
DA:83,1
DA:84,1
DA:85,1
DA:86,1
DA:87,1
DA:88,1
DA:89,1
DA:90,1
DA:91,1
DA:92,1
DA:93,1
DA:94,1
DA:95,1
DA:96,1
DA:97,1
DA:98,1
DA:99,1
DA:100,1
DA:101,1
DA:102,1
DA:103,1
DA:104,1
DA:105,1
DA:106,1
DA:107,1
DA:108,1
LF:33
LH:33
end_of_record
SF:./module/tv/lib/domain/entities/tv_genre.dart
DA:7,13
DA:12,1
DA:13,3
LF:3
LH:3
end_of_record
SF:./module/tv/lib/domain/usecases/tvseries/save_watchlist_tv.dart
DA:8,1
DA:10,1
DA:11,2
LF:3
LH:3
end_of_record
SF:./module/tv/lib/domain/usecases/tvseries/get_tv_toprated.dart
DA:9,1
DA:11,1
DA:12,2
LF:3
LH:3
end_of_record
SF:./module/tv/lib/domain/usecases/tvseries/search_tvshow.dart
DA:9,1
DA:11,1
DA:12,2
LF:3
LH:3
end_of_record
SF:./module/tv/lib/domain/usecases/tvseries/get_tv_series_ontheair.dart
DA:9,1
DA:11,1
DA:12,2
LF:3
LH:3
end_of_record
SF:./module/tv/lib/domain/usecases/tvseries/get_tv_recomendations.dart
DA:9,1
DA:11,1
DA:12,2
LF:3
LH:3
end_of_record
SF:./module/tv/lib/domain/usecases/tvseries/remove_watchlist_tv.dart
DA:8,1
DA:10,1
DA:11,2
LF:3
LH:3
end_of_record
SF:./module/tv/lib/domain/usecases/tvseries/get_watchlist_tv.dart
DA:8,1
DA:10,1
DA:11,2
LF:3
LH:3
end_of_record
SF:./module/tv/lib/domain/usecases/tvseries/get_tv_detail.dart
DA:9,1
DA:11,1
DA:12,2
LF:3
LH:3
end_of_record
SF:./module/tv/lib/domain/usecases/tvseries/get_watchlist_tv_status.dart
DA:6,1
DA:8,1
DA:9,2
LF:3
LH:3
end_of_record
SF:./module/tv/lib/presentation/bloc/detail_tv/detail_tv_event.dart
DA:4,3
DA:9,2
DA:11,1
DA:12,2
DA:17,2
DA:19,1
DA:20,2
DA:25,1
DA:27,1
DA:28,2
DA:33,3
DA:35,1
DA:36,2
LF:13
LH:13
end_of_record
SF:./module/tv/lib/presentation/bloc/detail_tv/detail_tv_state.dart
DA:12,10
DA:22,1
DA:23,1
DA:24,1
DA:25,1
DA:26,1
DA:27,1
DA:28,1
DA:29,1
DA:30,1
DA:33,2
DA:42,2
DA:43,2
DA:44,2
DA:45,2
DA:46,1
DA:47,2
DA:48,2
DA:49,2
DA:52,2
LF:20
LH:20
end_of_record
SF:./module/tv/lib/presentation/bloc/detail_tv/detail_tv_bloc.dart
DA:25,1
DA:31,2
DA:32,1
DA:33,1
DA:34,3
DA:36,1
DA:37,2
DA:38,2
DA:40,2
DA:41,1
DA:42,2
DA:44,1
DA:47,1
DA:48,1
DA:49,2
DA:55,2
DA:56,1
DA:57,2
DA:59,1
DA:62,1
DA:63,1
DA:64,0
DA:65,0
DA:68,1
DA:69,2
DA:80,2
DA:81,1
DA:82,2
DA:84,1
DA:85,2
DA:86,2
DA:87,1
DA:90,2
DA:91,2
DA:96,3
DA:99,2
DA:100,1
DA:101,2
DA:103,1
DA:104,5
DA:105,1
DA:106,3
DA:108,3
DA:111,2
DA:112,3
DA:113,1
DA:114,2
LF:47
LH:45
end_of_record
SF:./module/tv/lib/presentation/pages/tv/tv_detail_page.dart
DA:15,1
DA:17,1
DA:18,1
DA:22,1
DA:24,1
DA:25,2
DA:26,6
DA:27,6
DA:31,1
DA:33,1
DA:34,1
DA:35,1
DA:36,1
DA:38,1
DA:39,2
DA:40,1
DA:41,1
DA:45,0
DA:46,0
DA:47,0
DA:48,0
DA:54,1
DA:55,3
DA:56,2
DA:58,1
DA:59,1
DA:61,1
DA:65,1
DA:66,1
DA:67,1
DA:68,1
DA:69,1
DA:70,1
DA:73,1
DA:74,0
DA:75,0
DA:91,1
DA:95,1
DA:97,3
DA:98,1
DA:99,1
DA:100,1
DA:101,3
DA:103,1
DA:106,0
DA:108,1
DA:110,1
DA:111,1
DA:112,1
DA:122,1
DA:123,1
DA:124,1
DA:126,1
DA:128,1
DA:130,1
DA:131,1
DA:132,2
DA:133,1
DA:135,1
DA:136,1
DA:137,1
DA:139,1
DA:140,3
DA:143,0
DA:144,0
DA:147,1
DA:149,1
DA:150,1
DA:157,1
DA:158,3
DA:160,1
DA:161,1
DA:162,1
DA:163,3
DA:165,1
DA:171,4
DA:175,1
DA:177,1
DA:179,1
DA:180,2
DA:183,1
DA:185,1
DA:187,1
DA:188,1
DA:190,1
DA:191,1
DA:196,1
DA:198,1
DA:200,1
DA:202,0
DA:203,0
DA:204,0
DA:206,0
DA:207,0
DA:208,0
DA:211,0
DA:214,0
DA:219,0
DA:221,0
DA:222,0
DA:228,0
DA:235,2
DA:238,0
DA:240,0
DA:250,1
DA:252,1
DA:267,1
DA:269,1
DA:272,1
DA:274,0
DA:275,0
DA:284,1
DA:286,2
DA:287,3
DA:290,1
DA:294,3
LF:116
LH:91
end_of_record
SF:./module/tv/lib/presentation/bloc/top_rated_tv/top_rated_tv_event.dart
DA:4,3
DA:8,3
DA:10,1
DA:11,1
LF:4
LH:4
end_of_record
SF:./module/tv/lib/presentation/bloc/top_rated_tv/top_rated_tv_bloc.dart
DA:11,3
DA:12,2
DA:13,2
DA:14,2
DA:15,1
DA:16,2
DA:17,2
DA:19,2
DA:20,1
LF:9
LH:9
end_of_record
SF:./module/tv/lib/presentation/bloc/top_rated_tv/top_rated_tv_state.dart
DA:4,4
DA:6,1
DA:7,1
DA:16,3
DA:18,1
DA:19,2
DA:24,2
DA:26,1
DA:27,2
LF:9
LH:9
end_of_record
SF:./module/tv/lib/presentation/pages/tv/top_rated_tv_page.dart
DA:9,1
DA:11,1
DA:12,1
DA:16,1
DA:18,1
DA:19,1
DA:20,4
DA:23,1
DA:25,1
DA:26,1
DA:29,1
DA:31,1
DA:32,1
DA:33,1
DA:37,1
DA:38,1
DA:39,1
DA:40,2
DA:41,1
DA:43,2
DA:45,1
DA:46,1
DA:48,2
LF:23
LH:23
end_of_record
SF:./module/tv/lib/presentation/bloc/on_the_air/on_the_air_event.dart
DA:4,3
DA:8,3
DA:10,0
DA:11,0
LF:4
LH:2
end_of_record
SF:./module/tv/lib/presentation/bloc/on_the_air/on_the_air_bloc.dart
DA:11,3
DA:12,2
DA:13,2
DA:14,2
DA:15,1
DA:16,2
DA:17,2
DA:19,2
DA:20,1
LF:9
LH:9
end_of_record
SF:./module/tv/lib/presentation/bloc/on_the_air/on_the_air_state.dart
DA:4,4
DA:6,1
DA:7,1
DA:16,3
DA:18,1
DA:19,2
DA:24,2
DA:26,1
DA:27,2
LF:9
LH:9
end_of_record
SF:./module/tv/lib/presentation/pages/tv/on_the_air_page.dart
DA:9,1
DA:11,1
DA:12,1
DA:16,1
DA:18,1
DA:19,1
DA:20,4
DA:23,1
DA:25,1
DA:26,1
DA:29,1
DA:31,1
DA:32,1
DA:33,1
DA:37,1
DA:38,1
DA:39,1
DA:40,2
DA:41,1
DA:43,2
DA:45,1
DA:46,1
DA:48,2
LF:23
LH:23
end_of_record
SF:./module/tv/lib/presentation/bloc/popular/popular_event.dart
DA:4,3
DA:8,3
DA:10,1
DA:11,1
LF:4
LH:4
end_of_record
SF:./module/tv/lib/presentation/bloc/popular/popular_bloc.dart
DA:11,3
DA:12,2
DA:13,2
DA:14,2
DA:16,1
DA:17,2
DA:18,2
DA:20,2
DA:21,1
LF:9
LH:9
end_of_record
SF:./module/tv/lib/presentation/bloc/popular/popular_state.dart
DA:4,4
DA:6,1
DA:7,1
DA:16,3
DA:18,1
DA:19,2
DA:24,2
DA:26,1
DA:27,2
LF:9
LH:9
end_of_record
SF:./module/tv/lib/presentation/pages/tv/popular_tv_page.dart
DA:9,1
DA:11,1
DA:12,1
DA:16,1
DA:18,1
DA:19,1
DA:20,4
DA:23,1
DA:25,1
DA:26,1
DA:29,1
DA:31,1
DA:32,1
DA:33,1
DA:37,1
DA:38,1
DA:39,1
DA:40,2
DA:41,1
DA:43,2
DA:45,1
DA:46,1
DA:48,2
LF:23
LH:23
end_of_record
SF:./module/tv/lib/presentation/bloc/search_tv/search_tv_bloc.dart
DA:11,3
DA:12,2
DA:13,2
DA:14,1
DA:16,2
DA:18,5
DA:19,1
DA:20,1
DA:21,0
DA:23,2
LF:10
LH:9
end_of_record
SF:./module/tv/lib/presentation/bloc/search_tv/search_tv_event.dart
DA:4,1
DA:10,1
DA:12,1
DA:13,2
LF:4
LH:4
end_of_record
SF:./module/tv/lib/presentation/bloc/search_tv/search_tv_state.dart
DA:4,2
DA:6,1
DA:7,1
DA:16,2
DA:18,1
DA:19,2
DA:24,1
DA:26,1
DA:27,2
LF:9
LH:9
end_of_record
SF:./module/tv/lib/presentation/bloc/watchlist_tv/watchlist_tv_state.dart
DA:4,2
DA:6,1
DA:7,1
DA:16,2
DA:18,1
DA:19,2
DA:24,1
DA:26,1
DA:27,2
LF:9
LH:9
end_of_record
SF:./module/tv/lib/presentation/bloc/watchlist_tv/watchlist_tv_bloc.dart
DA:11,1
DA:12,2
DA:13,2
DA:14,2
DA:16,2
DA:18,1
DA:19,2
DA:20,2
DA:21,1
DA:22,1
DA:23,0
DA:25,2
LF:12
LH:11
end_of_record
SF:./module/tv/lib/presentation/bloc/watchlist_tv/watchlist_tv_event.dart
DA:4,1
DA:8,1
DA:9,1
DA:10,1
LF:4
LH:4
end_of_record
